2025-06-01 13:53:49 [31merror[39m: 	[31muncaughtException: JwtStrategy requires a secret or key[39m
[31mTypeError: JwtStrategy requires a secret or key[39m
[31m    at new JwtStrategy (/Users/sandeep/Desktop/NEM_BACK/Portfolio_Tracker_B/node_modules/passport-jwt/lib/strategy.js:45:15)[39m
[31m    at Object.<anonymous> (/Users/sandeep/Desktop/NEM_BACK/Portfolio_Tracker_B/config/passport.js:13:21)[39m
[31m    at Module._compile (node:internal/modules/cjs/loader:1460:14)[39m
[31m    at Module._extensions..js (node:internal/modules/cjs/loader:1544:10)[39m
[31m    at Module.load (node:internal/modules/cjs/loader:1275:32)[39m
[31m    at Module._load (node:internal/modules/cjs/loader:1091:12)[39m
[31m    at wrapModuleLoad (node:internal/modules/cjs/loader:212:19)[39m
[31m    at Module.require (node:internal/modules/cjs/loader:1297:12)[39m
[31m    at require (node:internal/modules/helpers:123:16)[39m
[31m    at Object.<anonymous> (/Users/sandeep/Desktop/NEM_BACK/Portfolio_Tracker_B/server.js:21:25)[39m
2025-06-01 13:54:20 [31merror[39m: 	[31muncaughtException: JwtStrategy requires a secret or key[39m
[31mTypeError: JwtStrategy requires a secret or key[39m
[31m    at new JwtStrategy (/Users/sandeep/Desktop/NEM_BACK/Portfolio_Tracker_B/node_modules/passport-jwt/lib/strategy.js:45:15)[39m
[31m    at Object.<anonymous> (/Users/sandeep/Desktop/NEM_BACK/Portfolio_Tracker_B/config/passport.js:13:21)[39m
[31m    at Module._compile (node:internal/modules/cjs/loader:1460:14)[39m
[31m    at Module._extensions..js (node:internal/modules/cjs/loader:1544:10)[39m
[31m    at Module.load (node:internal/modules/cjs/loader:1275:32)[39m
[31m    at Module._load (node:internal/modules/cjs/loader:1091:12)[39m
[31m    at wrapModuleLoad (node:internal/modules/cjs/loader:212:19)[39m
[31m    at Module.require (node:internal/modules/cjs/loader:1297:12)[39m
[31m    at require (node:internal/modules/helpers:123:16)[39m
[31m    at Object.<anonymous> (/Users/sandeep/Desktop/NEM_BACK/Portfolio_Tracker_B/server.js:21:25)[39m
